0 info it worked if it ends with ok
1 verbose cli [ '/Users/paulopires/.nvm/versions/node/v4.2.1/bin/node',
1 verbose cli   '/Users/paulopires/.nvm/versions/node/v4.2.1/bin/npm',
1 verbose cli   'start' ]
2 info using npm@3.7.3
3 info using node@v4.2.1
4 verbose run-script [ 'prestart', 'start', 'poststart' ]
5 info lifecycle ava-0_8-with-babel@1.0.0~prestart: ava-0_8-with-babel@1.0.0
6 silly lifecycle ava-0_8-with-babel@1.0.0~prestart: no script for prestart, continuing
7 info lifecycle ava-0_8-with-babel@1.0.0~start: ava-0_8-with-babel@1.0.0
8 verbose lifecycle ava-0_8-with-babel@1.0.0~start: unsafe-perm in lifecycle true
9 verbose lifecycle ava-0_8-with-babel@1.0.0~start: PATH: /Users/paulopires/.nvm/versions/node/v4.2.1/lib/node_modules/npm/bin/node-gyp-bin:/Users/paulopires/Workspace/Github/paulohp/es2015-ava-starter-kit/node_modules/.bin:/Users/paulopires/.nvm/versions/node/v4.2.1/bin:/Users/paulopires/google-cloud-sdk/bin:/Users/paulopires/.nvm/versions/node/v4.2.1/bin:/Users/paulopires/.kiex/bin:/usr/local/heroku/bin:/Users/paulopires/.rbenv/shims:/Users/paulopires/.rbenv/bin:/usr/local/bin:/usr/bin:/bin:/usr/sbin:/sbin:/usr/local/go/bin:/Users/paulopires/bin:/~/bin/otto
10 verbose lifecycle ava-0_8-with-babel@1.0.0~start: CWD: /Users/paulopires/Workspace/Github/paulohp/es2015-ava-starter-kit
11 silly lifecycle ava-0_8-with-babel@1.0.0~start: Args: [ '-c',
11 silly lifecycle   './node_modules/watchify/bin/cmd.js -v -t babel -o=dist/ index.js lib/*.js' ]
12 silly lifecycle ava-0_8-with-babel@1.0.0~start: Returned: code: 1  signal: null
13 info lifecycle ava-0_8-with-babel@1.0.0~start: Failed to exec start script
14 verbose stack Error: ava-0_8-with-babel@1.0.0 start: `./node_modules/watchify/bin/cmd.js -v -t babel -o=dist/ index.js lib/*.js`
14 verbose stack Exit status 1
14 verbose stack     at EventEmitter.<anonymous> (/Users/paulopires/.nvm/versions/node/v4.2.1/lib/node_modules/npm/lib/utils/lifecycle.js:239:16)
14 verbose stack     at emitTwo (events.js:87:13)
14 verbose stack     at EventEmitter.emit (events.js:172:7)
14 verbose stack     at ChildProcess.<anonymous> (/Users/paulopires/.nvm/versions/node/v4.2.1/lib/node_modules/npm/lib/utils/spawn.js:24:14)
14 verbose stack     at emitTwo (events.js:87:13)
14 verbose stack     at ChildProcess.emit (events.js:172:7)
14 verbose stack     at maybeClose (internal/child_process.js:818:16)
14 verbose stack     at Process.ChildProcess._handle.onexit (internal/child_process.js:211:5)
15 verbose pkgid ava-0_8-with-babel@1.0.0
16 verbose cwd /Users/paulopires/Workspace/Github/paulohp/es2015-ava-starter-kit
17 error Darwin 15.4.0
18 error argv "/Users/paulopires/.nvm/versions/node/v4.2.1/bin/node" "/Users/paulopires/.nvm/versions/node/v4.2.1/bin/npm" "start"
19 error node v4.2.1
20 error npm  v3.7.3
21 error code ELIFECYCLE
22 error ava-0_8-with-babel@1.0.0 start: `./node_modules/watchify/bin/cmd.js -v -t babel -o=dist/ index.js lib/*.js`
22 error Exit status 1
23 error Failed at the ava-0_8-with-babel@1.0.0 start script './node_modules/watchify/bin/cmd.js -v -t babel -o=dist/ index.js lib/*.js'.
23 error Make sure you have the latest version of node.js and npm installed.
23 error If you do, this is most likely a problem with the ava-0_8-with-babel package,
23 error not with npm itself.
23 error Tell the author that this fails on your system:
23 error     ./node_modules/watchify/bin/cmd.js -v -t babel -o=dist/ index.js lib/*.js
23 error You can get information on how to open an issue for this project with:
23 error     npm bugs ava-0_8-with-babel
23 error Or if that isn't available, you can get their info via:
23 error     npm owner ls ava-0_8-with-babel
23 error There is likely additional logging output above.
24 verbose exit [ 1, true ]
